2026-05-06 16:57:49,592 ERROR: Exception on / [GET] [in C:\Users\rastabubblegum\Documents\GitHub\EasyCode\43688\FlaskShop\.venv\Lib\site-packages\flask\app.py : 875]
Traceback (most recent call last):
  File "C:\Users\rastabubblegum\Documents\GitHub\EasyCode\43688\FlaskShop\.venv\Lib\site-packages\flask\app.py", line 1511, in wsgi_app
    response = self.full_dispatch_request()
  File "C:\Users\rastabubblegum\Documents\GitHub\EasyCode\43688\FlaskShop\.venv\Lib\site-packages\flask\app.py", line 919, in full_dispatch_request
    rv = self.handle_user_exception(e)
  File "C:\Users\rastabubblegum\Documents\GitHub\EasyCode\43688\FlaskShop\.venv\Lib\site-packages\flask\app.py", line 917, in full_dispatch_request
    rv = self.dispatch_request()
  File "C:\Users\rastabubblegum\Documents\GitHub\EasyCode\43688\FlaskShop\.venv\Lib\site-packages\flask\app.py", line 902, in dispatch_request
    return self.ensure_sync(self.view_functions[rule.endpoint])(**view_args)  # type: ignore[no-any-return]
           ~~~~~~~~~~~~~~~~~~~~~~~~~~~~~~~~~~~~~~~~~~~~~~~~~~~~^^^^^^^^^^^^^
  File "c:\Users\rastabubblegum\Documents\GitHub\EasyCode\43688\FlaskShop\app_dir\app.py", line 83, in wrapper
    res = func(*args, **kwargs)
  File "c:\Users\rastabubblegum\Documents\GitHub\EasyCode\43688\FlaskShop\app_dir\app.py", line 133, in home
    user = get_user_by_id(g.user_id)
  File "c:\Users\rastabubblegum\Documents\GitHub\EasyCode\43688\FlaskShop\app_dir\db.py", line 199, in get_user_by_id
    cur.execute(f'SELECT * FROM users WHERE id={id}')
    ~~~~~~~~~~~^^^^^^^^^^^^^^^^^^^^^^^^^^^^^^^^^^^^^^
sqlite3.OperationalError: no such column: None
2026-05-06 16:57:49,601 ERROR: 500 Internal Server Error: The server encountered an internal error and was unable to complete your request. Either the server is overloaded or there is an error in the application. [in c:\Users\rastabubblegum\Documents\GitHub\EasyCode\43688\FlaskShop\app_dir\app.py : 406]
