2026-02-18 20:51:20,532 INFO: Блог запущен [in C:\games\PYTHONPROJECTS\1\app_dir\app.py:39]
2026-02-18 20:51:22,511 INFO: Блог запущен [in C:\games\PYTHONPROJECTS\1\app_dir\app.py:39]
2026-02-18 20:55:24,862 INFO: Блог запущен [in C:\games\PYTHONPROJECTS\1\app_dir\app.py:39]
2026-02-18 20:58:35,653 INFO: Блог запущен [in C:\games\PYTHONPROJECTS\1\app_dir\app.py:39]
2026-02-18 21:02:55,200 INFO: Блог запущен [in C:\games\PYTHONPROJECTS\1\app_dir\app.py:41]
2026-02-18 21:02:56,648 INFO: Создан новый пост через API: 1 пользователем 1 [in C:\games\PYTHONPROJECTS\1\app_dir\app.py:1046]
2026-06-02 16:41:49,938 INFO: Блог запущен [in c:\Users\rastabubblegum\Documents\GitHub\EasyCode\36586\app_dir\app.py:41]
2026-06-02 16:41:50,713 INFO: Блог запущен [in c:\Users\rastabubblegum\Documents\GitHub\EasyCode\36586\app_dir\app.py:41]
2026-06-02 16:42:24,038 WARNING: Неверный пароль для: Test@gmail.com [in c:\Users\rastabubblegum\Documents\GitHub\EasyCode\36586\app_dir\app.py:537]
2026-06-02 16:42:35,244 WARNING: Неверный пароль для: Test@gmail.com [in c:\Users\rastabubblegum\Documents\GitHub\EasyCode\36586\app_dir\app.py:537]
2026-06-02 16:42:46,675 INFO: Попытка регистрации: test@test [in c:\Users\rastabubblegum\Documents\GitHub\EasyCode\36586\app_dir\app.py:487]
2026-06-02 16:42:46,809 INFO: Пользователь зарегистрирован: test@test (ID: 3) [in c:\Users\rastabubblegum\Documents\GitHub\EasyCode\36586\app_dir\app.py:492]
2026-06-02 16:42:48,529 ERROR: Ошибка аутентификации при отправке письма [in c:\Users\rastabubblegum\Documents\GitHub\EasyCode\36586\app_dir\app.py:199]
2026-06-02 16:43:01,422 INFO: Вход выполнен: test@test [in c:\Users\rastabubblegum\Documents\GitHub\EasyCode\36586\app_dir\app.py:524]
2026-06-02 16:43:22,515 INFO: Создан новый пост: 123 пользователем 3 [in c:\Users\rastabubblegum\Documents\GitHub\EasyCode\36586\app_dir\app.py:587]
2026-06-02 16:43:32,616 INFO: Создан новый пост: 1 пользователем 3 [in c:\Users\rastabubblegum\Documents\GitHub\EasyCode\36586\app_dir\app.py:587]
2026-06-02 16:43:37,739 INFO: Создан новый пост: ваыа пользователем 3 [in c:\Users\rastabubblegum\Documents\GitHub\EasyCode\36586\app_dir\app.py:587]
2026-06-02 16:43:42,340 INFO: Создан новый пост: 2131123 пользователем 3 [in c:\Users\rastabubblegum\Documents\GitHub\EasyCode\36586\app_dir\app.py:587]
2026-06-02 16:43:48,827 INFO: Создан новый пост: ываываываываыва пользователем 3 [in c:\Users\rastabubblegum\Documents\GitHub\EasyCode\36586\app_dir\app.py:587]
2026-06-02 16:46:03,753 INFO: Создан новый пост: dfgdfggdg пользователем 3 [in c:\Users\rastabubblegum\Documents\GitHub\EasyCode\36586\app_dir\app.py:587]
2026-06-02 16:59:05,688 INFO: Блог запущен [in c:\Users\rastabubblegum\Documents\GitHub\EasyCode\36586\app_dir\app.py:41]
2026-06-02 16:59:06,436 INFO: Блог запущен [in c:\Users\rastabubblegum\Documents\GitHub\EasyCode\36586\app_dir\app.py:41]
2026-06-02 17:00:09,129 INFO: Попытка регистрации: cekuska107@gmail.com [in c:\Users\rastabubblegum\Documents\GitHub\EasyCode\36586\app_dir\app.py:487]
2026-06-02 17:00:09,278 INFO: Пользователь зарегистрирован: cekuska107@gmail.com (ID: 4) [in c:\Users\rastabubblegum\Documents\GitHub\EasyCode\36586\app_dir\app.py:492]
2026-06-02 17:00:12,017 INFO: Письмо успешно отправлено на cekuska107@gmail.com [in c:\Users\rastabubblegum\Documents\GitHub\EasyCode\36586\app_dir\app.py:196]
